2024-10-07 15:06:07,057 - INFO - Starting dashboard processing script.
2024-10-07 15:06:08,617 - INFO - Successfully retrieved 124 dashboards.
2024-10-07 15:06:08,617 - INFO - Processing dashboard: 1 - ESG Dashboard (Total Widgets: 9)
2024-10-07 15:06:08,997 - INFO - Processed 9 widgets for dashboard: 1 - ESG Dashboard
2024-10-07 15:06:08,997 - INFO - Processing dashboard: _accrd_test (Total Widgets: 1)
2024-10-07 15:06:09,356 - INFO - Processed 1 widgets for dashboard: _accrd_test
2024-10-07 15:06:09,356 - INFO - Processing dashboard: _drill_beqom (Total Widgets: 1)
2024-10-07 15:06:09,706 - INFO - Processed 1 widgets for dashboard: _drill_beqom
2024-10-07 15:06:09,707 - INFO - Processing dashboard: _drill_CCT_json (Total Widgets: 2)
2024-10-07 15:06:10,053 - INFO - Processed 2 widgets for dashboard: _drill_CCT_json
2024-10-07 15:06:10,054 - INFO - Processing dashboard: _drill_dash (Total Widgets: 1)
2024-10-07 15:06:10,400 - INFO - Processed 1 widgets for dashboard: _drill_dash
2024-10-07 15:06:10,401 - INFO - Processing dashboard: _drill_Sample_Ecommerce (Total Widgets: 4)
2024-10-07 15:06:10,752 - INFO - Processed 4 widgets for dashboard: _drill_Sample_Ecommerce
2024-10-07 15:06:10,752 - INFO - Processing dashboard: _drill_test_plugin (1) (Total Widgets: 1)
2024-10-07 15:06:11,168 - INFO - Processed 1 widgets for dashboard: _drill_test_plugin (1)
2024-10-07 15:06:11,168 - INFO - Processing dashboard: _try_another (Total Widgets: 1)
2024-10-07 15:06:11,524 - INFO - Processed 1 widgets for dashboard: _try_another
2024-10-07 15:06:11,524 - INFO - Processing dashboard: _try_test (Total Widgets: 1)
2024-10-07 15:06:11,880 - INFO - Processed 1 widgets for dashboard: _try_test
2024-10-07 15:06:11,881 - INFO - Processing dashboard: Accounts_Receivable_closed_ar_auto_sklearn (Total Widgets: 1)
2024-10-07 15:06:12,235 - INFO - Processed 1 widgets for dashboard: Accounts_Receivable_closed_ar_auto_sklearn
2024-10-07 15:06:12,235 - INFO - Processing dashboard: Accounts_Receivable_closed_ar_sagemaker (Total Widgets: 1)
2024-10-07 15:06:12,580 - INFO - Processed 1 widgets for dashboard: Accounts_Receivable_closed_ar_sagemaker
2024-10-07 15:06:12,580 - INFO - Processing dashboard: airline_sisense_custom (Total Widgets: 3)
2024-10-07 15:06:12,955 - INFO - Processed 3 widgets for dashboard: airline_sisense_custom
2024-10-07 15:06:12,955 - INFO - Processing dashboard: airline_sisense_custom (1) (Total Widgets: 3)
2024-10-07 15:06:13,319 - INFO - Processed 3 widgets for dashboard: airline_sisense_custom (1)
2024-10-07 15:06:13,320 - INFO - Processing dashboard: akitabox_metadata (Total Widgets: 1)
2024-10-07 15:06:13,663 - INFO - Processed 1 widgets for dashboard: akitabox_metadata
2024-10-07 15:06:13,664 - INFO - Processing dashboard: Amex (Total Widgets: 4)
2024-10-07 15:06:14,010 - INFO - Processed 4 widgets for dashboard: Amex
2024-10-07 15:06:14,010 - INFO - Processing dashboard: APIs (Total Widgets: 1)
2024-10-07 15:06:14,350 - INFO - Processed 1 widgets for dashboard: APIs
2024-10-07 15:06:14,351 - INFO - Processing dashboard: Auto_ML-Online-Prediction (Total Widgets: 2)
2024-10-07 15:06:14,795 - INFO - Processed 2 widgets for dashboard: Auto_ML-Online-Prediction
2024-10-07 15:06:14,795 - INFO - Processing dashboard: Auto_ML-Online-Prediction(blox) (Total Widgets: 1)
2024-10-07 15:06:15,138 - INFO - Processed 1 widgets for dashboard: Auto_ML-Online-Prediction(blox)
2024-10-07 15:06:15,139 - INFO - Processing dashboard: Autobot (Total Widgets: 5)
2024-10-07 15:06:15,493 - INFO - Processed 5 widgets for dashboard: Autobot
2024-10-07 15:06:15,493 - INFO - Processing dashboard: Autobot_original (Total Widgets: 7)
2024-10-07 15:06:15,841 - INFO - Processed 7 widgets for dashboard: Autobot_original
2024-10-07 15:06:15,841 - INFO - Processing dashboard: bank_churn_bank_churn_train_auto_sklearn (Total Widgets: 2)
2024-10-07 15:06:16,202 - INFO - Processed 2 widgets for dashboard: bank_churn_bank_churn_train_auto_sklearn
2024-10-07 15:06:16,203 - INFO - Processing dashboard: bank_churn_bank_churn_train_sagemaker (Total Widgets: 1)
2024-10-07 15:06:16,552 - INFO - Processed 1 widgets for dashboard: bank_churn_bank_churn_train_sagemaker
2024-10-07 15:06:16,552 - INFO - Processing dashboard: Beqom (Total Widgets: 5)
2024-10-07 15:06:16,899 - INFO - Processed 5 widgets for dashboard: Beqom
2024-10-07 15:06:16,900 - INFO - Processing dashboard: bigquery (Total Widgets: 3)
2024-10-07 15:06:17,240 - INFO - Processed 3 widgets for dashboard: bigquery
2024-10-07 15:06:17,240 - INFO - Processing dashboard: Blox - Measure Switcher v2.1 - Supports Format (Total Widgets: 8)
2024-10-07 15:06:17,582 - INFO - Processed 8 widgets for dashboard: Blox - Measure Switcher v2.1 - Supports Format
2024-10-07 15:06:17,582 - INFO - Processing dashboard: Blox AI (Total Widgets: 2)
2024-10-07 15:06:17,938 - INFO - Processed 2 widgets for dashboard: Blox AI
2024-10-07 15:06:17,939 - INFO - Processing dashboard: Blox Examples (Total Widgets: 13)
2024-10-07 15:06:18,294 - INFO - Processed 13 widgets for dashboard: Blox Examples
2024-10-07 15:06:18,294 - INFO - Processing dashboard: Blox Examples (1) (Total Widgets: 4)
2024-10-07 15:06:18,642 - INFO - Processed 4 widgets for dashboard: Blox Examples (1)
2024-10-07 15:06:18,642 - INFO - Processing dashboard: Blox Month L12M Quarter Year Filter Buttons (Total Widgets: 1)
2024-10-07 15:06:18,997 - INFO - Processed 1 widgets for dashboard: Blox Month L12M Quarter Year Filter Buttons
2024-10-07 15:06:18,997 - INFO - Processing dashboard: Blox1 (Total Widgets: 10)
2024-10-07 15:06:19,348 - INFO - Processed 10 widgets for dashboard: Blox1
2024-10-07 15:06:19,349 - INFO - Processing dashboard: blox_landing_page (Total Widgets: 1)
2024-10-07 15:06:19,692 - INFO - Processed 1 widgets for dashboard: blox_landing_page
2024-10-07 15:06:19,693 - INFO - Processing dashboard: blox_train_model (Total Widgets: 1)
2024-10-07 15:06:20,025 - INFO - Processed 1 widgets for dashboard: blox_train_model
2024-10-07 15:06:20,026 - INFO - Processing dashboard: CCT_json (Total Widgets: 1)
2024-10-07 15:06:20,390 - INFO - Processed 1 widgets for dashboard: CCT_json
2024-10-07 15:06:20,390 - INFO - Processing dashboard: central_square_sdiff (Total Widgets: 1)
2024-10-07 15:06:20,732 - INFO - Processed 1 widgets for dashboard: central_square_sdiff
2024-10-07 15:06:20,732 - INFO - Processing dashboard: CentralReach (Total Widgets: 5)
2024-10-07 15:06:21,085 - INFO - Processed 5 widgets for dashboard: CentralReach
2024-10-07 15:06:21,085 - INFO - Processing dashboard: centralsquare_search (Total Widgets: 1)
2024-10-07 15:06:21,451 - INFO - Processed 1 widgets for dashboard: centralsquare_search
2024-10-07 15:06:21,452 - INFO - Processing dashboard: churn_prediction_churn_auto_sklearn (Total Widgets: 1)
2024-10-07 15:06:21,811 - INFO - Processed 1 widgets for dashboard: churn_prediction_churn_auto_sklearn
2024-10-07 15:06:21,811 - INFO - Processing dashboard: churn_prediction_churn_sagemaker (Total Widgets: 1)
2024-10-07 15:06:22,165 - INFO - Processed 1 widgets for dashboard: churn_prediction_churn_sagemaker
2024-10-07 15:06:22,166 - INFO - Processing dashboard: Community (Total Widgets: 1)
2024-10-07 15:06:22,513 - INFO - Processed 1 widgets for dashboard: Community
2024-10-07 15:06:22,513 - INFO - Processing dashboard: CON (Total Widgets: 1)
2024-10-07 15:06:22,863 - INFO - Processed 1 widgets for dashboard: CON
2024-10-07 15:06:22,864 - INFO - Processing dashboard: Demo (Total Widgets: 1)
2024-10-07 15:06:23,217 - INFO - Processed 1 widgets for dashboard: Demo
2024-10-07 15:06:23,218 - INFO - Processing dashboard: Demo- Notebooks (Total Widgets: 1)
2024-10-07 15:06:23,559 - INFO - Processed 1 widgets for dashboard: Demo- Notebooks
2024-10-07 15:06:23,560 - INFO - Processing dashboard: DS_CHECK (Total Widgets: 1)
2024-10-07 15:06:23,906 - INFO - Processed 1 widgets for dashboard: DS_CHECK
2024-10-07 15:06:23,906 - INFO - Processing dashboard: Dynamic_EC (Total Widgets: 3)
2024-10-07 15:06:24,245 - INFO - Processed 3 widgets for dashboard: Dynamic_EC
2024-10-07 15:06:24,245 - INFO - Processing dashboard: expand_pivot (Total Widgets: 1)
2024-10-07 15:06:24,617 - INFO - Processed 1 widgets for dashboard: expand_pivot
2024-10-07 15:06:24,617 - INFO - Processing dashboard: Export to PDF text widget (Total Widgets: 1)
2024-10-07 15:06:24,963 - INFO - Processed 1 widgets for dashboard: Export to PDF text widget
2024-10-07 15:06:24,964 - INFO - Processing dashboard: generative_ai (Total Widgets: 1)
2024-10-07 15:06:25,309 - INFO - Processed 1 widgets for dashboard: generative_ai
2024-10-07 15:06:25,310 - INFO - Processing dashboard: Governance Dashboard (Total Widgets: 9)
2024-10-07 15:06:25,673 - INFO - Processed 9 widgets for dashboard: Governance Dashboard
2024-10-07 15:06:25,673 - INFO - Processing dashboard: Governance Users Info (Total Widgets: 7)
2024-10-07 15:06:26,029 - INFO - Processed 7 widgets for dashboard: Governance Users Info
2024-10-07 15:06:26,029 - INFO - Processing dashboard: Health Assessment (Total Widgets: 23)
2024-10-07 15:06:26,397 - INFO - Processed 23 widgets for dashboard: Health Assessment
2024-10-07 15:06:26,397 - INFO - Processing dashboard: himanshu_test (Total Widgets: 2)
2024-10-07 15:06:26,779 - INFO - Processed 2 widgets for dashboard: himanshu_test
2024-10-07 15:06:26,780 - INFO - Processing dashboard: housing_dataset_housing_auto_sklearn (Total Widgets: 1)
2024-10-07 15:06:27,132 - INFO - Processed 1 widgets for dashboard: housing_dataset_housing_auto_sklearn
2024-10-07 15:06:27,132 - INFO - Processing dashboard: housing_dataset_housing_sagemaker (Total Widgets: 1)
2024-10-07 15:06:27,481 - INFO - Processed 1 widgets for dashboard: housing_dataset_housing_sagemaker
2024-10-07 15:06:27,481 - INFO - Processing dashboard: Iframe (Total Widgets: 0)
2024-10-07 15:06:27,834 - INFO - Processed 0 widgets for dashboard: Iframe
2024-10-07 15:06:27,835 - INFO - Processing dashboard: image_url (Total Widgets: 1)
2024-10-07 15:06:28,202 - INFO - Processed 1 widgets for dashboard: image_url
2024-10-07 15:06:28,202 - INFO - Processing dashboard: include_all_dim (Total Widgets: 1)
2024-10-07 15:06:28,555 - INFO - Processed 1 widgets for dashboard: include_all_dim
2024-10-07 15:06:28,555 - INFO - Processing dashboard: Industrial_Scientific (Total Widgets: 2)
2024-10-07 15:06:28,901 - INFO - Processed 2 widgets for dashboard: Industrial_Scientific
2024-10-07 15:06:28,902 - INFO - Processing dashboard: INDUSTRY - SBS View (Total Widgets: 22)
2024-10-07 15:06:29,298 - INFO - Processed 22 widgets for dashboard: INDUSTRY - SBS View
2024-10-07 15:06:29,298 - INFO - Processing dashboard: IntApp (Total Widgets: 1)
2024-10-07 15:06:29,640 - INFO - Processed 1 widgets for dashboard: IntApp
2024-10-07 15:06:29,642 - INFO - Processing dashboard: Intelex (Total Widgets: 0)
2024-10-07 15:06:29,986 - INFO - Processed 0 widgets for dashboard: Intelex
2024-10-07 15:06:29,986 - INFO - Processing dashboard: IPC Body CMM (Total Widgets: 9)
2024-10-07 15:06:30,357 - INFO - Processed 9 widgets for dashboard: IPC Body CMM
2024-10-07 15:06:30,357 - INFO - Processing dashboard: IPC Body CMM (1) (Total Widgets: 9)
2024-10-07 15:06:30,746 - INFO - Processed 9 widgets for dashboard: IPC Body CMM (1)
2024-10-07 15:06:30,746 - INFO - Processing dashboard: IPC Body CMM (2) (Total Widgets: 9)
2024-10-07 15:06:31,140 - INFO - Processed 9 widgets for dashboard: IPC Body CMM (2)
2024-10-07 15:06:31,141 - INFO - Processing dashboard: iris_dataset_Iris_auto_sklearn (Total Widgets: 1)
2024-10-07 15:06:31,488 - INFO - Processed 1 widgets for dashboard: iris_dataset_Iris_auto_sklearn
2024-10-07 15:06:31,488 - INFO - Processing dashboard: JAQL (Total Widgets: 1)
2024-10-07 15:06:31,836 - INFO - Processed 1 widgets for dashboard: JAQL
2024-10-07 15:06:31,836 - INFO - Processing dashboard: JAQL_Test (Total Widgets: 1)
2024-10-07 15:06:32,207 - INFO - Processed 1 widgets for dashboard: JAQL_Test
2024-10-07 15:06:32,208 - INFO - Processing dashboard: Latency Testing MCooper - SCE Commerce - Detailed Company View v1.4.1 (Total Widgets: 42)
2024-10-07 15:06:32,623 - INFO - Processed 42 widgets for dashboard: Latency Testing MCooper - SCE Commerce - Detailed Company View v1.4.1
2024-10-07 15:06:32,623 - INFO - Processing dashboard: look_and_feel (Total Widgets: 1)
2024-10-07 15:06:32,996 - INFO - Processed 1 widgets for dashboard: look_and_feel
2024-10-07 15:06:32,996 - INFO - Processing dashboard: look_and_feel2 (Total Widgets: 1)
2024-10-07 15:06:33,345 - INFO - Processed 1 widgets for dashboard: look_and_feel2
2024-10-07 15:06:33,346 - INFO - Processing dashboard: Main_Dash (Total Widgets: 3)
2024-10-07 15:06:33,727 - INFO - Processed 3 widgets for dashboard: Main_Dash
2024-10-07 15:06:33,728 - INFO - Processing dashboard: Mytonomy_Blox (Total Widgets: 4)
2024-10-07 15:06:34,101 - INFO - Processed 4 widgets for dashboard: Mytonomy_Blox
2024-10-07 15:06:34,101 - INFO - Processing dashboard: mytonomy_widget (Total Widgets: 2)
2024-10-07 15:06:34,480 - INFO - Processed 2 widgets for dashboard: mytonomy_widget
2024-10-07 15:06:34,481 - INFO - Processing dashboard: nasdaq_switch_measure (Total Widgets: 2)
2024-10-07 15:06:34,855 - INFO - Processed 2 widgets for dashboard: nasdaq_switch_measure
2024-10-07 15:06:34,855 - INFO - Processing dashboard: Nouria_AI_Demo (Total Widgets: 4)
2024-10-07 15:06:35,217 - INFO - Processed 4 widgets for dashboard: Nouria_AI_Demo
2024-10-07 15:06:35,217 - INFO - Processing dashboard: pivot_widget_api (Total Widgets: 2)
2024-10-07 15:06:35,584 - INFO - Processed 2 widgets for dashboard: pivot_widget_api
2024-10-07 15:06:35,584 - INFO - Processing dashboard: pivot_widget_script (Total Widgets: 2)
2024-10-07 15:06:35,933 - INFO - Processed 2 widgets for dashboard: pivot_widget_script
2024-10-07 15:06:35,934 - INFO - Processing dashboard: pulse_tangoe (Total Widgets: 4)
2024-10-07 15:06:36,271 - INFO - Processed 4 widgets for dashboard: pulse_tangoe
2024-10-07 15:06:36,272 - INFO - Processing dashboard: query_path (Total Widgets: 1)
2024-10-07 15:06:36,620 - INFO - Processed 1 widgets for dashboard: query_path
2024-10-07 15:06:36,621 - INFO - Processing dashboard: samp_lead_gen_2 (Total Widgets: 5)
2024-10-07 15:06:36,969 - INFO - Processed 5 widgets for dashboard: samp_lead_gen_2
2024-10-07 15:06:36,969 - INFO - Processing dashboard: Sample - Ecommerce (Total Widgets: 10)
2024-10-07 15:06:37,323 - INFO - Processed 10 widgets for dashboard: Sample - Ecommerce
2024-10-07 15:06:37,323 - INFO - Processing dashboard: Sample - Healthcare (Total Widgets: 7)
2024-10-07 15:06:37,723 - INFO - Processed 7 widgets for dashboard: Sample - Healthcare
2024-10-07 15:06:37,724 - INFO - Processing dashboard: Sample - Lead Generation (Total Widgets: 7)
2024-10-07 15:06:38,228 - INFO - Processed 7 widgets for dashboard: Sample - Lead Generation
2024-10-07 15:06:38,228 - INFO - Processing dashboard: Sample - Retail (Total Widgets: 8)
2024-10-07 15:06:38,574 - INFO - Processed 8 widgets for dashboard: Sample - Retail
2024-10-07 15:06:38,574 - INFO - Processing dashboard: Sample ECommerce (Total Widgets: 1)
2024-10-07 15:06:38,914 - INFO - Processed 1 widgets for dashboard: Sample ECommerce
2024-10-07 15:06:38,914 - INFO - Processing dashboard: Sample Healthcare (Total Widgets: 1)
2024-10-07 15:06:39,293 - INFO - Processed 1 widgets for dashboard: Sample Healthcare
2024-10-07 15:06:39,294 - INFO - Processing dashboard: Sample Lead Generation (Total Widgets: 1)
2024-10-07 15:06:39,650 - INFO - Processed 1 widgets for dashboard: Sample Lead Generation
2024-10-07 15:06:39,650 - INFO - Processing dashboard: Sample Retail (Total Widgets: 1)
2024-10-07 15:06:39,994 - INFO - Processed 1 widgets for dashboard: Sample Retail
2024-10-07 15:06:39,994 - INFO - Processing dashboard: Sample Retail (1) (Total Widgets: 1)
2024-10-07 15:06:40,354 - INFO - Processed 1 widgets for dashboard: Sample Retail (1)
2024-10-07 15:06:40,355 - INFO - Processing dashboard: SCE Commerce - Detailed Company View v1.4.1 (Total Widgets: 42)
2024-10-07 15:06:40,768 - INFO - Processed 42 widgets for dashboard: SCE Commerce - Detailed Company View v1.4.1
2024-10-07 15:06:40,768 - INFO - Processing dashboard: simply_ask (Total Widgets: 3)
2024-10-07 15:06:41,120 - INFO - Processed 3 widgets for dashboard: simply_ask
2024-10-07 15:06:41,121 - INFO - Processing dashboard: slowest_performing_assets (Total Widgets: 1)
2024-10-07 15:06:41,465 - INFO - Processed 1 widgets for dashboard: slowest_performing_assets
2024-10-07 15:06:41,465 - INFO - Processing dashboard: solution_center_blox (Total Widgets: 1)
2024-10-07 15:06:41,822 - INFO - Processed 1 widgets for dashboard: solution_center_blox
2024-10-07 15:06:41,823 - INFO - Processing dashboard: sophos (Total Widgets: 0)
2024-10-07 15:06:42,170 - INFO - Processed 0 widgets for dashboard: sophos
2024-10-07 15:06:42,171 - INFO - Processing dashboard: Subaru (Total Widgets: 1)
2024-10-07 15:06:42,532 - INFO - Processed 1 widgets for dashboard: Subaru
2024-10-07 15:06:42,532 - INFO - Processing dashboard: supply _wisdom (Total Widgets: 2)
2024-10-07 15:06:42,885 - INFO - Processed 2 widgets for dashboard: supply _wisdom
2024-10-07 15:06:42,885 - INFO - Processing dashboard: TE_A_Test (Total Widgets: 1)
2024-10-07 15:06:43,216 - INFO - Processed 1 widgets for dashboard: TE_A_Test
2024-10-07 15:06:43,216 - INFO - Processing dashboard: Test FOO-13110 (Total Widgets: 1)
2024-10-07 15:06:43,586 - INFO - Processed 1 widgets for dashboard: Test FOO-13110
2024-10-07 15:06:43,587 - INFO - Processing dashboard: test1_2 (Total Widgets: 1)
2024-10-07 15:06:43,975 - INFO - Processed 1 widgets for dashboard: test1_2
2024-10-07 15:06:43,975 - INFO - Processing dashboard: Test_ec_to_live (Total Widgets: 1)
2024-10-07 15:06:44,347 - INFO - Processed 1 widgets for dashboard: Test_ec_to_live
2024-10-07 15:06:44,347 - INFO - Processing dashboard: test_flow (Total Widgets: 1)
2024-10-07 15:06:44,707 - INFO - Processed 1 widgets for dashboard: test_flow
2024-10-07 15:06:44,707 - INFO - Processing dashboard: test_flow (1) (Total Widgets: 1)
2024-10-07 15:06:45,053 - INFO - Processed 1 widgets for dashboard: test_flow (1)
2024-10-07 15:06:45,054 - INFO - Processing dashboard: test_plugin (Total Widgets: 1)
2024-10-07 15:06:45,411 - INFO - Processed 1 widgets for dashboard: test_plugin
2024-10-07 15:06:45,411 - INFO - Processing dashboard: Time_Series (Total Widgets: 2)
2024-10-07 15:06:45,751 - INFO - Processed 2 widgets for dashboard: Time_Series
2024-10-07 15:06:45,751 - INFO - Processing dashboard: total_expert_null (Total Widgets: 1)
2024-10-07 15:06:46,101 - INFO - Processed 1 widgets for dashboard: total_expert_null
2024-10-07 15:06:46,101 - INFO - Processing dashboard: trtr (Total Widgets: 2)
2024-10-07 15:06:46,462 - INFO - Processed 2 widgets for dashboard: trtr
2024-10-07 15:06:46,462 - INFO - Processing dashboard: unused (Total Widgets: 1)
2024-10-07 15:06:46,805 - INFO - Processed 1 widgets for dashboard: unused
2024-10-07 15:06:46,805 - INFO - Processing dashboard: unused (1) (Total Widgets: 1)
2024-10-07 15:06:47,143 - INFO - Processed 1 widgets for dashboard: unused (1)
2024-10-07 15:06:47,144 - INFO - Processing dashboard: Usage - Builds - Failures (Total Widgets: 11)
2024-10-07 15:06:47,492 - INFO - Processed 11 widgets for dashboard: Usage - Builds - Failures
2024-10-07 15:06:47,492 - INFO - Processing dashboard: Usage - Builds - Overview (Total Widgets: 18)
2024-10-07 15:06:47,856 - INFO - Processed 18 widgets for dashboard: Usage - Builds - Overview
2024-10-07 15:06:47,856 - INFO - Processing dashboard: Usage - Dashboards (Total Widgets: 10)
2024-10-07 15:06:48,208 - INFO - Processed 10 widgets for dashboard: Usage - Dashboards
2024-10-07 15:06:48,208 - INFO - Processing dashboard: Usage - Domains (Total Widgets: 14)
2024-10-07 15:06:48,556 - INFO - Processed 14 widgets for dashboard: Usage - Domains
2024-10-07 15:06:48,557 - INFO - Processing dashboard: Usage - General (Total Widgets: 9)
2024-10-07 15:06:48,899 - INFO - Processed 9 widgets for dashboard: Usage - General
2024-10-07 15:06:48,899 - INFO - Processing dashboard: Usage - Groups (Total Widgets: 11)
2024-10-07 15:06:49,245 - INFO - Processed 11 widgets for dashboard: Usage - Groups
2024-10-07 15:06:49,246 - INFO - Processing dashboard: Usage - Query (Total Widgets: 0)
2024-10-07 15:06:49,606 - INFO - Processed 36 widgets for dashboard: Usage - Query
2024-10-07 15:06:49,606 - WARNING - Widget count mismatch for Usage - Query: Expected 0, Processed 36
2024-10-07 15:06:49,607 - INFO - Processing dashboard: Usage - Users (Total Widgets: 11)
2024-10-07 15:06:49,939 - INFO - Processed 11 widgets for dashboard: Usage - Users
2024-10-07 15:06:49,940 - INFO - Processing dashboard: Used Table and Column (Total Widgets: 3)
2024-10-07 15:06:50,307 - INFO - Processed 3 widgets for dashboard: Used Table and Column
2024-10-07 15:06:50,307 - INFO - Processing dashboard: Verge_Demo (Total Widgets: 5)
2024-10-07 15:06:50,792 - INFO - Processed 5 widgets for dashboard: Verge_Demo
2024-10-07 15:06:50,792 - INFO - Processing dashboard: Verge_Demo (Live) (Total Widgets: 2)
2024-10-07 15:06:51,142 - INFO - Processed 2 widgets for dashboard: Verge_Demo (Live)
2024-10-07 15:06:51,142 - INFO - Processing dashboard: Verge_DS (Total Widgets: 1)
2024-10-07 15:06:51,488 - INFO - Processed 1 widgets for dashboard: Verge_DS
2024-10-07 15:06:51,489 - INFO - Processing dashboard: Verizon_Custom_Code (Total Widgets: 1)
2024-10-07 15:06:51,832 - INFO - Processed 1 widgets for dashboard: Verizon_Custom_Code
2024-10-07 15:06:51,832 - INFO - Processing dashboard: Wabtech (Total Widgets: 2)
2024-10-07 15:06:52,215 - INFO - Processed 2 widgets for dashboard: Wabtech
2024-10-07 15:06:52,216 - INFO - Processing dashboard: wellcheck (Total Widgets: 5)
2024-10-07 15:06:52,569 - INFO - Processed 5 widgets for dashboard: wellcheck
2024-10-07 15:06:52,569 - INFO - Processing dashboard: widget (Total Widgets: 1)
2024-10-07 15:06:52,909 - INFO - Processed 1 widgets for dashboard: widget
2024-10-07 15:06:52,910 - INFO - Processing dashboard: zywave (Total Widgets: 3)
2024-10-07 15:06:53,256 - INFO - Processed 3 widgets for dashboard: zywave
2024-10-07 15:06:53,264 - INFO - Widget type data has been exported to widget_type.csv
2024-10-07 15:06:53,269 - INFO - Data processing completed. Here's a sample:
      dashboard_name   widget_type
0  1 - ESG Dashboard  chart/column
1  1 - ESG Dashboard    chart/line
2  1 - ESG Dashboard     chart/bar
3  1 - ESG Dashboard  chart/column
4  1 - ESG Dashboard  chart/column
